

Started GET "/" for 127.0.0.1 at 2014-08-19 11:00:56 -0400
  [1m[36mActiveRecord::SchemaMigration Load (2.0ms)[0m  [1mSELECT "schema_migrations".* FROM "schema_migrations"[0m
Processing by TweetsController#index as HTML
  [1m[35mTweet Load (2.7ms)[0m  SELECT "tweets".* FROM "tweets"
  Rendered tweets/index.html.haml within layouts/application (11.1ms)
Completed 200 OK in 31ms (Views: 14.7ms | ActiveRecord: 5.1ms)


Started GET "/tweets/new" for 127.0.0.1 at 2014-08-19 11:00:58 -0400
Processing by TweetsController#new as HTML
  Rendered tweets/new.html.haml within layouts/application (1.5ms)
Completed 200 OK in 4ms (Views: 3.2ms | ActiveRecord: 0.0ms)


Started GET "/users/:id" for 127.0.0.1 at 2014-08-19 11:00:59 -0400
Processing by UsersController#show as HTML
  Parameters: {"id"=>":id"}
  [1m[36mUser Load (1.9ms)[0m  [1mSELECT  "users".* FROM "users"  WHERE "users"."id" = 1 LIMIT 1[0m
  [1m[35mTweet Load (0.4ms)[0m  SELECT "tweets".* FROM "tweets"  WHERE "tweets"."user_id" = 1
  Rendered users/show.html.haml within layouts/application (2.4ms)
Completed 200 OK in 33ms (Views: 4.0ms | ActiveRecord: 5.7ms)


Started GET "/tweets/new" for 127.0.0.1 at 2014-08-19 11:01:01 -0400
Processing by TweetsController#new as HTML
  Rendered tweets/new.html.haml within layouts/application (0.5ms)
Completed 200 OK in 3ms (Views: 2.7ms | ActiveRecord: 0.0ms)


Started GET "/users/:id" for 127.0.0.1 at 2014-08-19 11:01:02 -0400
Processing by UsersController#show as HTML
  Parameters: {"id"=>":id"}
  [1m[36mUser Load (0.5ms)[0m  [1mSELECT  "users".* FROM "users"  WHERE "users"."id" = 1 LIMIT 1[0m
  [1m[35mTweet Load (0.5ms)[0m  SELECT "tweets".* FROM "tweets"  WHERE "tweets"."user_id" = 1
  Rendered users/show.html.haml within layouts/application (1.6ms)
Completed 200 OK in 6ms (Views: 3.2ms | ActiveRecord: 1.0ms)


Started GET "/users/:id/edit" for 127.0.0.1 at 2014-08-19 11:01:03 -0400
Processing by UsersController#edit as HTML
  Parameters: {"id"=>":id"}
  [1m[36mUser Load (0.6ms)[0m  [1mSELECT  "users".* FROM "users"  WHERE "users"."id" = 1 LIMIT 1[0m
  Rendered users/edit.html.haml within layouts/application (2.3ms)
Completed 200 OK in 6ms (Views: 4.3ms | ActiveRecord: 0.6ms)


Started GET "/" for 127.0.0.1 at 2014-08-19 11:01:05 -0400
Processing by TweetsController#index as HTML
  [1m[35mTweet Load (0.4ms)[0m  SELECT "tweets".* FROM "tweets"
  Rendered tweets/index.html.haml within layouts/application (1.2ms)
Completed 200 OK in 5ms (Views: 3.4ms | ActiveRecord: 0.4ms)


Started GET "/" for 127.0.0.1 at 2014-08-19 11:01:19 -0400
Processing by TweetsController#index as HTML
  [1m[36mTweet Load (0.4ms)[0m  [1mSELECT "tweets".* FROM "tweets"[0m
  Rendered tweets/index.html.haml within layouts/application (1.6ms)
Completed 200 OK in 5ms (Views: 3.5ms | ActiveRecord: 0.4ms)
  [1m[36m (6.4ms)[0m  [1mCREATE TABLE "schema_migrations" ("version" character varying(255) NOT NULL) [0m
  [1m[35m (3.3ms)[0m  CREATE UNIQUE INDEX  "unique_schema_migrations" ON "schema_migrations"  ("version")
  [1m[36mActiveRecord::SchemaMigration Load (0.5ms)[0m  [1mSELECT "schema_migrations".* FROM "schema_migrations"[0m
Migrating to CreateTweets (20140815165135)
  [1m[35m (0.2ms)[0m  BEGIN
  [1m[36m (6.6ms)[0m  [1mCREATE TABLE "tweets" ("id" serial primary key, "content" character varying(255), "user_id" integer, "created_at" timestamp, "updated_at" timestamp) [0m
  [1m[35mSQL (0.6ms)[0m  INSERT INTO "schema_migrations" ("version") VALUES ($1)  [["version", "20140815165135"]]
  [1m[36m (0.4ms)[0m  [1mCOMMIT[0m
Migrating to DeviseCreateUsers (20140819152858)
  [1m[36m (2.1ms)[0m  [1mCREATE TABLE "schema_migrations" ("version" character varying(255) NOT NULL) [0m
  [1m[35m (1.4ms)[0m  CREATE UNIQUE INDEX  "unique_schema_migrations" ON "schema_migrations"  ("version")
  [1m[36mActiveRecord::SchemaMigration Load (0.4ms)[0m  [1mSELECT "schema_migrations".* FROM "schema_migrations"[0m
Migrating to CreateTweets (20140815165135)
  [1m[35m (0.1ms)[0m  BEGIN
  [1m[36m (2.7ms)[0m  [1mCREATE TABLE "tweets" ("id" serial primary key, "content" character varying(255), "user_id" integer, "created_at" timestamp, "updated_at" timestamp) [0m
  [1m[35mSQL (0.4ms)[0m  INSERT INTO "schema_migrations" ("version") VALUES ($1)  [["version", "20140815165135"]]
  [1m[36m (0.4ms)[0m  [1mCOMMIT[0m
Migrating to DeviseCreateUsers (20140819152858)
